-------------------------------------------------------------------------------
Test set: TestSuite
-------------------------------------------------------------------------------
Tests run: 1, Failures: 1, Errors: 0, Skipped: 0, Time elapsed: 7.186 sec <<< FAILURE!
TC1VerifyValidAdminUser(com.orangehrm.tests.LoginTests)  Time elapsed: 4.476 sec  <<< FAILURE!
org.testng.TestNGException: java.util.concurrent.ExecutionException: java.lang.NullPointerException
	at com.orangehrm.common.ImplIinvokedListner.afterInvocation(ImplIinvokedListner.java:44)
	at org.testng.internal.invokers.InvokedMethodListenerInvoker$InvokeAfterInvocationWithoutContextStrategy.callMethod(InvokedMethodListenerInvoker.java:100)
	at org.testng.internal.invokers.InvokedMethodListenerInvoker.invokeListener(InvokedMethodListenerInvoker.java:62)
	at org.testng.internal.Invoker.runInvokedMethodListeners(Invoker.java:493)
	at org.testng.internal.Invoker.invokeMethod(Invoker.java:617)
	at org.testng.internal.Invoker.invokeTestMethod(Invoker.java:719)
	at org.testng.internal.TestMethodWithDataProviderMethodWorker.call(TestMethodWithDataProviderMethodWorker.java:71)
	at org.testng.internal.TestMethodWithDataProviderMethodWorker.call(TestMethodWithDataProviderMethodWorker.java:14)
	at java.util.concurrent.FutureTask.run(FutureTask.java:266)
	at java.util.concurrent.Executors$RunnableAdapter.call(Executors.java:511)
	at java.util.concurrent.FutureTask.run(FutureTask.java:266)
	at java.util.concurrent.ThreadPoolExecutor.runWorker(ThreadPoolExecutor.java:1142)
	at java.util.concurrent.ThreadPoolExecutor$Worker.run(ThreadPoolExecutor.java:617)
	at java.lang.Thread.run(Thread.java:748)

